{"/Users/hotoo/workbench/hotoo/detector/lib/node-detector.js":{"path":"/Users/hotoo/workbench/hotoo/detector/lib/node-detector.js","s":{"1":1,"2":1,"3":1,"4":1},"b":{},"f":{},"fnMap":{},"statementMap":{"1":{"start":{"line":3,"column":0},"end":{"line":3,"column":39}},"2":{"start":{"line":4,"column":0},"end":{"line":4,"column":33}},"3":{"start":{"line":6,"column":0},"end":{"line":6,"column":37}},"4":{"start":{"line":8,"column":0},"end":{"line":8,"column":26}}},"branchMap":{}},"/Users/hotoo/workbench/hotoo/detector/lib/detector.js":{"path":"/Users/hotoo/workbench/hotoo/detector/lib/detector.js","s":{"1":1,"2":1,"3":1,"4":4,"5":62206,"6":1,"7":1,"8":1,"9":1,"10":1,"11":652,"12":17785,"13":598,"14":1,"15":17785,"16":17785,"17":2361,"18":15424,"19":15424,"20":3,"21":15421,"22":916,"23":68,"24":14505,"25":10,"26":10,"27":10,"28":14495,"29":14495,"30":14495,"31":517,"32":472,"33":45,"34":517,"35":1,"36":652,"37":652,"38":17785,"39":17785,"40":598,"41":598,"42":652,"43":1,"44":163,"45":163,"46":163,"47":163,"48":163,"49":163,"50":163,"51":163,"52":163,"53":163,"54":163,"55":163,"56":163,"57":163,"58":35,"59":35,"60":163,"61":163,"62":163,"63":163,"64":163,"65":163,"66":35,"67":23,"68":35,"69":163,"70":163,"71":163,"72":163,"73":163,"74":128,"75":35,"76":35,"77":35,"78":35,"79":35,"80":35,"81":28,"82":28,"83":28,"84":28,"85":28,"86":28,"87":35,"88":35,"89":35,"90":35,"91":7,"92":35,"93":35,"94":35,"95":7,"96":35,"97":1},"b":{"1":[598,17187],"2":[4683,13102],"3":[2361,15424],"4":[3,15421],"5":[916,14505],"6":[68,848],"7":[10,14495],"8":[10,0],"9":[14495,0],"10":[517,13978],"11":[472,45],"12":[517,486],"13":[598,17187],"14":[163,1],"15":[35,128],"16":[35,0],"17":[35,128],"18":[35,128],"19":[23,12],"20":[35,128],"21":[128,35],"22":[28,7],"23":[28,0],"24":[28,28],"25":[7,28],"26":[7,28]},"f":{"1":4,"2":62206,"3":652,"4":17785,"5":652,"6":17785,"7":1,"8":163,"9":163,"10":163,"11":163,"12":163,"13":163},"fnMap":{"1":{"name":"typeOf","line":9,"loc":{"start":{"line":9,"column":0},"end":{"line":9,"column":21}}},"2":{"name":"(anonymous_2)","line":10,"loc":{"start":{"line":10,"column":9},"end":{"line":10,"column":26}}},"3":{"name":"each","line":19,"loc":{"start":{"line":19,"column":0},"end":{"line":19,"column":30}}},"4":{"name":"detect","line":32,"loc":{"start":{"line":32,"column":0},"end":{"line":32,"column":38}}},"5":{"name":"init","line":65,"loc":{"start":{"line":65,"column":0},"end":{"line":65,"column":46}}},"6":{"name":"(anonymous_6)","line":67,"loc":{"start":{"line":67,"column":17},"end":{"line":67,"column":35}}},"7":{"name":"(anonymous_7)","line":79,"loc":{"start":{"line":79,"column":14},"end":{"line":79,"column":22}}},"8":{"name":"(anonymous_8)","line":86,"loc":{"start":{"line":86,"column":8},"end":{"line":86,"column":13}}},"9":{"name":"(anonymous_9)","line":90,"loc":{"start":{"line":90,"column":33},"end":{"line":90,"column":57}}},"10":{"name":"(anonymous_10)","line":100,"loc":{"start":{"line":100,"column":29},"end":{"line":100,"column":52}}},"11":{"name":"(anonymous_11)","line":112,"loc":{"start":{"line":112,"column":33},"end":{"line":112,"column":57}}},"12":{"name":"(anonymous_12)","line":131,"loc":{"start":{"line":131,"column":34},"end":{"line":131,"column":58}}},"13":{"name":"(anonymous_13)","line":158,"loc":{"start":{"line":158,"column":9},"end":{"line":158,"column":14}}}},"statementMap":{"1":{"start":{"line":3,"column":0},"end":{"line":3,"column":24}},"2":{"start":{"line":4,"column":0},"end":{"line":7,"column":2}},"3":{"start":{"line":9,"column":0},"end":{"line":13,"column":1}},"4":{"start":{"line":10,"column":2},"end":{"line":12,"column":4}},"5":{"start":{"line":11,"column":4},"end":{"line":11,"column":78}},"6":{"start":{"line":14,"column":0},"end":{"line":14,"column":34}},"7":{"start":{"line":15,"column":0},"end":{"line":15,"column":34}},"8":{"start":{"line":16,"column":0},"end":{"line":16,"column":34}},"9":{"start":{"line":17,"column":0},"end":{"line":17,"column":38}},"10":{"start":{"line":19,"column":0},"end":{"line":25,"column":1}},"11":{"start":{"line":20,"column":2},"end":{"line":24,"column":3}},"12":{"start":{"line":21,"column":4},"end":{"line":23,"column":5}},"13":{"start":{"line":22,"column":6},"end":{"line":22,"column":12}},"14":{"start":{"line":32,"column":0},"end":{"line":62,"column":1}},"15":{"start":{"line":33,"column":2},"end":{"line":33,"column":79}},"16":{"start":{"line":34,"column":2},"end":{"line":34,"column":29}},"17":{"start":{"line":34,"column":15},"end":{"line":34,"column":27}},"18":{"start":{"line":35,"column":2},"end":{"line":39,"column":4}},"19":{"start":{"line":40,"column":2},"end":{"line":61,"column":3}},"20":{"start":{"line":41,"column":4},"end":{"line":41,"column":16}},"21":{"start":{"line":42,"column":8},"end":{"line":61,"column":3}},"22":{"start":{"line":43,"column":4},"end":{"line":45,"column":5}},"23":{"start":{"line":44,"column":6},"end":{"line":44,"column":18}},"24":{"start":{"line":46,"column":9},"end":{"line":61,"column":3}},"25":{"start":{"line":47,"column":4},"end":{"line":49,"column":5}},"26":{"start":{"line":48,"column":6},"end":{"line":48,"column":34}},"27":{"start":{"line":50,"column":4},"end":{"line":50,"column":16}},"28":{"start":{"line":51,"column":9},"end":{"line":61,"column":3}},"29":{"start":{"line":52,"column":4},"end":{"line":52,"column":28}},"30":{"start":{"line":53,"column":4},"end":{"line":60,"column":5}},"31":{"start":{"line":54,"column":6},"end":{"line":58,"column":7}},"32":{"start":{"line":55,"column":8},"end":{"line":55,"column":47}},"33":{"start":{"line":57,"column":8},"end":{"line":57,"column":34}},"34":{"start":{"line":59,"column":6},"end":{"line":59,"column":18}},"35":{"start":{"line":65,"column":0},"end":{"line":75,"column":1}},"36":{"start":{"line":66,"column":2},"end":{"line":66,"column":20}},"37":{"start":{"line":67,"column":2},"end":{"line":73,"column":5}},"38":{"start":{"line":68,"column":4},"end":{"line":68,"column":49}},"39":{"start":{"line":69,"column":4},"end":{"line":72,"column":5}},"40":{"start":{"line":70,"column":6},"end":{"line":70,"column":19}},"41":{"start":{"line":71,"column":6},"end":{"line":71,"column":19}},"42":{"start":{"line":74,"column":2},"end":{"line":74,"column":58}},"43":{"start":{"line":80,"column":4},"end":{"line":80,"column":24}},"44":{"start":{"line":87,"column":4},"end":{"line":87,"column":34}},"45":{"start":{"line":88,"column":4},"end":{"line":88,"column":17}},"46":{"start":{"line":90,"column":4},"end":{"line":98,"column":10}},"47":{"start":{"line":91,"column":6},"end":{"line":91,"column":36}},"48":{"start":{"line":92,"column":6},"end":{"line":96,"column":8}},"49":{"start":{"line":97,"column":6},"end":{"line":97,"column":25}},"50":{"start":{"line":100,"column":4},"end":{"line":108,"column":10}},"51":{"start":{"line":101,"column":6},"end":{"line":101,"column":36}},"52":{"start":{"line":102,"column":6},"end":{"line":106,"column":8}},"53":{"start":{"line":107,"column":6},"end":{"line":107,"column":21}},"54":{"start":{"line":110,"column":4},"end":{"line":110,"column":35}},"55":{"start":{"line":112,"column":4},"end":{"line":129,"column":10}},"56":{"start":{"line":113,"column":6},"end":{"line":113,"column":25}},"57":{"start":{"line":115,"column":6},"end":{"line":118,"column":7}},"58":{"start":{"line":116,"column":8},"end":{"line":116,"column":60}},"59":{"start":{"line":117,"column":8},"end":{"line":117,"column":33}},"60":{"start":{"line":119,"column":6},"end":{"line":119,"column":36}},"61":{"start":{"line":120,"column":6},"end":{"line":127,"column":8}},"62":{"start":{"line":128,"column":6},"end":{"line":128,"column":25}},"63":{"start":{"line":131,"column":4},"end":{"line":151,"column":10}},"64":{"start":{"line":132,"column":6},"end":{"line":132,"column":25}},"65":{"start":{"line":134,"column":6},"end":{"line":140,"column":7}},"66":{"start":{"line":136,"column":8},"end":{"line":138,"column":9}},"67":{"start":{"line":137,"column":10},"end":{"line":137,"column":42}},"68":{"start":{"line":139,"column":8},"end":{"line":139,"column":34}},"69":{"start":{"line":141,"column":6},"end":{"line":141,"column":36}},"70":{"start":{"line":142,"column":6},"end":{"line":149,"column":8}},"71":{"start":{"line":150,"column":6},"end":{"line":150,"column":26}},"72":{"start":{"line":152,"column":4},"end":{"line":152,"column":13}},"73":{"start":{"line":159,"column":4},"end":{"line":159,"column":53}},"74":{"start":{"line":159,"column":39},"end":{"line":159,"column":51}},"75":{"start":{"line":161,"column":4},"end":{"line":161,"column":10}},"76":{"start":{"line":162,"column":4},"end":{"line":162,"column":19}},"77":{"start":{"line":163,"column":4},"end":{"line":163,"column":22}},"78":{"start":{"line":164,"column":4},"end":{"line":164,"column":20}},"79":{"start":{"line":165,"column":4},"end":{"line":165,"column":23}},"80":{"start":{"line":169,"column":4},"end":{"line":178,"column":5}},"81":{"start":{"line":170,"column":6},"end":{"line":170,"column":42}},"82":{"start":{"line":171,"column":6},"end":{"line":177,"column":7}},"83":{"start":{"line":173,"column":8},"end":{"line":173,"column":29}},"84":{"start":{"line":174,"column":8},"end":{"line":174,"column":42}},"85":{"start":{"line":175,"column":8},"end":{"line":175,"column":54}},"86":{"start":{"line":176,"column":8},"end":{"line":176,"column":45}},"87":{"start":{"line":180,"column":4},"end":{"line":180,"column":37}},"88":{"start":{"line":181,"column":4},"end":{"line":181,"column":23}},"89":{"start":{"line":182,"column":4},"end":{"line":182,"column":35}},"90":{"start":{"line":183,"column":4},"end":{"line":185,"column":5}},"91":{"start":{"line":184,"column":6},"end":{"line":184,"column":35}},"92":{"start":{"line":186,"column":4},"end":{"line":186,"column":44}},"93":{"start":{"line":187,"column":4},"end":{"line":187,"column":34}},"94":{"start":{"line":188,"column":4},"end":{"line":190,"column":5}},"95":{"start":{"line":189,"column":6},"end":{"line":189,"column":33}},"96":{"start":{"line":192,"column":4},"end":{"line":198,"column":6}},"97":{"start":{"line":203,"column":0},"end":{"line":203,"column":26}}},"branchMap":{"1":{"line":21,"type":"if","locations":[{"start":{"line":21,"column":4},"end":{"line":21,"column":4}},{"start":{"line":21,"column":4},"end":{"line":21,"column":4}}]},"2":{"line":33,"type":"cond-expr","locations":[{"start":{"line":33,"column":40},"end":{"line":33,"column":65}},{"start":{"line":33,"column":68},"end":{"line":33,"column":78}}]},"3":{"line":34,"type":"if","locations":[{"start":{"line":34,"column":2},"end":{"line":34,"column":2}},{"start":{"line":34,"column":2},"end":{"line":34,"column":2}}]},"4":{"line":40,"type":"if","locations":[{"start":{"line":40,"column":2},"end":{"line":40,"column":2}},{"start":{"line":40,"column":2},"end":{"line":40,"column":2}}]},"5":{"line":42,"type":"if","locations":[{"start":{"line":42,"column":8},"end":{"line":42,"column":8}},{"start":{"line":42,"column":8},"end":{"line":42,"column":8}}]},"6":{"line":43,"type":"if","locations":[{"start":{"line":43,"column":4},"end":{"line":43,"column":4}},{"start":{"line":43,"column":4},"end":{"line":43,"column":4}}]},"7":{"line":46,"type":"if","locations":[{"start":{"line":46,"column":9},"end":{"line":46,"column":9}},{"start":{"line":46,"column":9},"end":{"line":46,"column":9}}]},"8":{"line":47,"type":"if","locations":[{"start":{"line":47,"column":4},"end":{"line":47,"column":4}},{"start":{"line":47,"column":4},"end":{"line":47,"column":4}}]},"9":{"line":51,"type":"if","locations":[{"start":{"line":51,"column":9},"end":{"line":51,"column":9}},{"start":{"line":51,"column":9},"end":{"line":51,"column":9}}]},"10":{"line":53,"type":"if","locations":[{"start":{"line":53,"column":4},"end":{"line":53,"column":4}},{"start":{"line":53,"column":4},"end":{"line":53,"column":4}}]},"11":{"line":54,"type":"if","locations":[{"start":{"line":54,"column":6},"end":{"line":54,"column":6}},{"start":{"line":54,"column":6},"end":{"line":54,"column":6}}]},"12":{"line":54,"type":"binary-expr","locations":[{"start":{"line":54,"column":9},"end":{"line":54,"column":22}},{"start":{"line":54,"column":26},"end":{"line":54,"column":30}}]},"13":{"line":69,"type":"if","locations":[{"start":{"line":69,"column":4},"end":{"line":69,"column":4}},{"start":{"line":69,"column":4},"end":{"line":69,"column":4}}]},"14":{"line":87,"type":"binary-expr","locations":[{"start":{"line":87,"column":10},"end":{"line":87,"column":12}},{"start":{"line":87,"column":16},"end":{"line":87,"column":18}}]},"15":{"line":115,"type":"if","locations":[{"start":{"line":115,"column":6},"end":{"line":115,"column":6}},{"start":{"line":115,"column":6},"end":{"line":115,"column":6}}]},"16":{"line":116,"type":"binary-expr","locations":[{"start":{"line":116,"column":18},"end":{"line":116,"column":38}},{"start":{"line":116,"column":42},"end":{"line":116,"column":59}}]},"17":{"line":126,"type":"cond-expr","locations":[{"start":{"line":126,"column":29},"end":{"line":126,"column":46}},{"start":{"line":126,"column":49},"end":{"line":126,"column":54}}]},"18":{"line":134,"type":"if","locations":[{"start":{"line":134,"column":6},"end":{"line":134,"column":6}},{"start":{"line":134,"column":6},"end":{"line":134,"column":6}}]},"19":{"line":136,"type":"if","locations":[{"start":{"line":136,"column":8},"end":{"line":136,"column":8}},{"start":{"line":136,"column":8},"end":{"line":136,"column":8}}]},"20":{"line":148,"type":"cond-expr","locations":[{"start":{"line":148,"column":29},"end":{"line":148,"column":46}},{"start":{"line":148,"column":49},"end":{"line":148,"column":54}}]},"21":{"line":159,"type":"if","locations":[{"start":{"line":159,"column":4},"end":{"line":159,"column":4}},{"start":{"line":159,"column":4},"end":{"line":159,"column":4}}]},"22":{"line":169,"type":"if","locations":[{"start":{"line":169,"column":4},"end":{"line":169,"column":4}},{"start":{"line":169,"column":4},"end":{"line":169,"column":4}}]},"23":{"line":171,"type":"if","locations":[{"start":{"line":171,"column":6},"end":{"line":171,"column":6}},{"start":{"line":171,"column":6},"end":{"line":171,"column":6}}]},"24":{"line":171,"type":"binary-expr","locations":[{"start":{"line":171,"column":10},"end":{"line":171,"column":11}},{"start":{"line":171,"column":15},"end":{"line":171,"column":28}}]},"25":{"line":183,"type":"if","locations":[{"start":{"line":183,"column":4},"end":{"line":183,"column":4}},{"start":{"line":183,"column":4},"end":{"line":183,"column":4}}]},"26":{"line":188,"type":"if","locations":[{"start":{"line":188,"column":4},"end":{"line":188,"column":4}},{"start":{"line":188,"column":4},"end":{"line":188,"column":4}}]}}},"/Users/hotoo/workbench/hotoo/detector/lib/rules.js":{"path":"/Users/hotoo/workbench/hotoo/detector/lib/rules.js","s":{"1":1,"2":1,"3":162,"4":0,"5":162,"6":0,"7":162,"8":0,"9":162,"10":162,"11":0,"12":162,"13":0,"14":162,"15":0,"16":162,"17":0,"18":162,"19":0,"20":162,"21":0,"22":162,"23":0,"24":162,"25":0,"26":162,"27":0,"28":162,"29":0,"30":162,"31":0,"32":162,"33":162,"34":0,"35":162,"36":0,"37":161,"38":0,"39":161,"40":2,"41":159,"42":0,"43":159,"44":159,"45":0,"46":159,"47":158,"48":0,"49":158,"50":0,"51":158,"52":0,"53":158,"54":0,"55":158,"56":0,"57":158,"58":0,"59":158,"60":0,"61":1,"62":1,"63":163,"64":163,"65":163,"66":1,"67":0,"68":0,"69":1,"70":1,"71":1,"72":162,"73":1,"74":1},"b":{"1":[0,162],"2":[0,162],"3":[0,162],"4":[0,162],"5":[0,162],"6":[0,162],"7":[0,162],"8":[0,162],"9":[0,162],"10":[0,162],"11":[0,162],"12":[0,162],"13":[0,162],"14":[0,162],"15":[0,162],"16":[0,162],"17":[0,161],"18":[2,159],"19":[0,159],"20":[0,159],"21":[0,158],"22":[0,158],"23":[0,158],"24":[0,158],"25":[0,158],"26":[0,158],"27":[0,158],"28":[1,162],"29":[0,1],"30":[1,0]},"f":{"1":162,"2":162,"3":162,"4":162,"5":162,"6":162,"7":162,"8":162,"9":161,"10":159,"11":159,"12":158,"13":158,"14":158,"15":163},"fnMap":{"1":{"name":"(anonymous_1)","line":9,"loc":{"start":{"line":9,"column":19},"end":{"line":9,"column":31}}},"2":{"name":"(anonymous_2)","line":34,"loc":{"start":{"line":34,"column":4},"end":{"line":34,"column":17}}},"3":{"name":"(anonymous_3)","line":44,"loc":{"start":{"line":44,"column":9},"end":{"line":44,"column":22}}},"4":{"name":"(anonymous_4)","line":52,"loc":{"start":{"line":52,"column":4},"end":{"line":52,"column":17}}},"5":{"name":"(anonymous_5)","line":67,"loc":{"start":{"line":67,"column":4},"end":{"line":67,"column":17}}},"6":{"name":"(anonymous_6)","line":84,"loc":{"start":{"line":84,"column":4},"end":{"line":84,"column":17}}},"7":{"name":"(anonymous_7)","line":97,"loc":{"start":{"line":97,"column":4},"end":{"line":97,"column":17}}},"8":{"name":"(anonymous_8)","line":106,"loc":{"start":{"line":106,"column":4},"end":{"line":106,"column":17}}},"9":{"name":"(anonymous_9)","line":126,"loc":{"start":{"line":126,"column":4},"end":{"line":126,"column":17}}},"10":{"name":"(anonymous_10)","line":135,"loc":{"start":{"line":135,"column":4},"end":{"line":135,"column":17}}},"11":{"name":"(anonymous_11)","line":142,"loc":{"start":{"line":142,"column":4},"end":{"line":142,"column":17}}},"12":{"name":"(anonymous_12)","line":153,"loc":{"start":{"line":153,"column":4},"end":{"line":153,"column":17}}},"13":{"name":"(anonymous_13)","line":162,"loc":{"start":{"line":162,"column":4},"end":{"line":162,"column":17}}},"14":{"name":"(anonymous_14)","line":174,"loc":{"start":{"line":174,"column":4},"end":{"line":174,"column":17}}},"15":{"name":"(anonymous_15)","line":191,"loc":{"start":{"line":191,"column":4},"end":{"line":191,"column":17}}}},"statementMap":{"1":{"start":{"line":3,"column":0},"end":{"line":3,"column":40}},"2":{"start":{"line":5,"column":0},"end":{"line":182,"column":2}},"3":{"start":{"line":10,"column":4},"end":{"line":14,"column":5}},"4":{"start":{"line":11,"column":6},"end":{"line":11,"column":53}},"5":{"start":{"line":12,"column":11},"end":{"line":14,"column":5}},"6":{"start":{"line":13,"column":6},"end":{"line":13,"column":29}},"7":{"start":{"line":35,"column":6},"end":{"line":37,"column":7}},"8":{"start":{"line":36,"column":8},"end":{"line":36,"column":30}},"9":{"start":{"line":38,"column":6},"end":{"line":38,"column":44}},"10":{"start":{"line":45,"column":4},"end":{"line":49,"column":5}},"11":{"start":{"line":46,"column":6},"end":{"line":46,"column":37}},"12":{"start":{"line":47,"column":11},"end":{"line":49,"column":5}},"13":{"start":{"line":48,"column":6},"end":{"line":48,"column":35}},"14":{"start":{"line":53,"column":6},"end":{"line":59,"column":7}},"15":{"start":{"line":54,"column":8},"end":{"line":54,"column":57}},"16":{"start":{"line":55,"column":13},"end":{"line":59,"column":7}},"17":{"start":{"line":56,"column":8},"end":{"line":56,"column":30}},"18":{"start":{"line":57,"column":13},"end":{"line":59,"column":7}},"19":{"start":{"line":58,"column":8},"end":{"line":58,"column":30}},"20":{"start":{"line":68,"column":6},"end":{"line":74,"column":7}},"21":{"start":{"line":69,"column":8},"end":{"line":69,"column":37}},"22":{"start":{"line":70,"column":13},"end":{"line":74,"column":7}},"23":{"start":{"line":71,"column":8},"end":{"line":71,"column":44}},"24":{"start":{"line":72,"column":13},"end":{"line":74,"column":7}},"25":{"start":{"line":73,"column":8},"end":{"line":73,"column":31}},"26":{"start":{"line":85,"column":6},"end":{"line":89,"column":7}},"27":{"start":{"line":86,"column":8},"end":{"line":86,"column":35}},"28":{"start":{"line":87,"column":13},"end":{"line":89,"column":7}},"29":{"start":{"line":88,"column":8},"end":{"line":88,"column":38}},"30":{"start":{"line":98,"column":6},"end":{"line":100,"column":7}},"31":{"start":{"line":99,"column":8},"end":{"line":99,"column":39}},"32":{"start":{"line":101,"column":6},"end":{"line":101,"column":24}},"33":{"start":{"line":107,"column":6},"end":{"line":111,"column":7}},"34":{"start":{"line":108,"column":8},"end":{"line":108,"column":36}},"35":{"start":{"line":109,"column":13},"end":{"line":111,"column":7}},"36":{"start":{"line":110,"column":8},"end":{"line":110,"column":44}},"37":{"start":{"line":127,"column":6},"end":{"line":131,"column":7}},"38":{"start":{"line":128,"column":8},"end":{"line":128,"column":31}},"39":{"start":{"line":129,"column":13},"end":{"line":131,"column":7}},"40":{"start":{"line":130,"column":8},"end":{"line":130,"column":41}},"41":{"start":{"line":136,"column":6},"end":{"line":138,"column":7}},"42":{"start":{"line":137,"column":8},"end":{"line":137,"column":51}},"43":{"start":{"line":143,"column":6},"end":{"line":143,"column":45}},"44":{"start":{"line":144,"column":6},"end":{"line":148,"column":7}},"45":{"start":{"line":145,"column":8},"end":{"line":145,"column":23}},"46":{"start":{"line":147,"column":8},"end":{"line":147,"column":32}},"47":{"start":{"line":154,"column":6},"end":{"line":158,"column":7}},"48":{"start":{"line":155,"column":8},"end":{"line":155,"column":39}},"49":{"start":{"line":156,"column":13},"end":{"line":158,"column":7}},"50":{"start":{"line":157,"column":8},"end":{"line":157,"column":34}},"51":{"start":{"line":163,"column":6},"end":{"line":169,"column":7}},"52":{"start":{"line":164,"column":8},"end":{"line":164,"column":54}},"53":{"start":{"line":165,"column":13},"end":{"line":169,"column":7}},"54":{"start":{"line":166,"column":8},"end":{"line":166,"column":37}},"55":{"start":{"line":167,"column":13},"end":{"line":169,"column":7}},"56":{"start":{"line":168,"column":8},"end":{"line":168,"column":43}},"57":{"start":{"line":175,"column":6},"end":{"line":179,"column":7}},"58":{"start":{"line":176,"column":8},"end":{"line":176,"column":27}},"59":{"start":{"line":177,"column":13},"end":{"line":179,"column":7}},"60":{"start":{"line":178,"column":8},"end":{"line":178,"column":28}},"61":{"start":{"line":184,"column":0},"end":{"line":187,"column":2}},"62":{"start":{"line":189,"column":0},"end":{"line":235,"column":2}},"63":{"start":{"line":192,"column":6},"end":{"line":192,"column":19}},"64":{"start":{"line":193,"column":6},"end":{"line":193,"column":12}},"65":{"start":{"line":194,"column":6},"end":{"line":205,"column":7}},"66":{"start":{"line":195,"column":8},"end":{"line":200,"column":9}},"67":{"start":{"line":196,"column":10},"end":{"line":196,"column":30}},"68":{"start":{"line":197,"column":10},"end":{"line":197,"column":39}},"69":{"start":{"line":198,"column":15},"end":{"line":200,"column":9}},"70":{"start":{"line":199,"column":10},"end":{"line":199,"column":22}},"71":{"start":{"line":202,"column":8},"end":{"line":204,"column":10}},"72":{"start":{"line":206,"column":6},"end":{"line":206,"column":19}},"73":{"start":{"line":237,"column":0},"end":{"line":237,"column":18}},"74":{"start":{"line":240,"column":0},"end":{"line":246,"column":2}}},"branchMap":{"1":{"line":10,"type":"if","locations":[{"start":{"line":10,"column":4},"end":{"line":10,"column":4}},{"start":{"line":10,"column":4},"end":{"line":10,"column":4}}]},"2":{"line":12,"type":"if","locations":[{"start":{"line":12,"column":11},"end":{"line":12,"column":11}},{"start":{"line":12,"column":11},"end":{"line":12,"column":11}}]},"3":{"line":35,"type":"if","locations":[{"start":{"line":35,"column":6},"end":{"line":35,"column":6}},{"start":{"line":35,"column":6},"end":{"line":35,"column":6}}]},"4":{"line":45,"type":"if","locations":[{"start":{"line":45,"column":4},"end":{"line":45,"column":4}},{"start":{"line":45,"column":4},"end":{"line":45,"column":4}}]},"5":{"line":47,"type":"if","locations":[{"start":{"line":47,"column":11},"end":{"line":47,"column":11}},{"start":{"line":47,"column":11},"end":{"line":47,"column":11}}]},"6":{"line":53,"type":"if","locations":[{"start":{"line":53,"column":6},"end":{"line":53,"column":6}},{"start":{"line":53,"column":6},"end":{"line":53,"column":6}}]},"7":{"line":55,"type":"if","locations":[{"start":{"line":55,"column":13},"end":{"line":55,"column":13}},{"start":{"line":55,"column":13},"end":{"line":55,"column":13}}]},"8":{"line":57,"type":"if","locations":[{"start":{"line":57,"column":13},"end":{"line":57,"column":13}},{"start":{"line":57,"column":13},"end":{"line":57,"column":13}}]},"9":{"line":68,"type":"if","locations":[{"start":{"line":68,"column":6},"end":{"line":68,"column":6}},{"start":{"line":68,"column":6},"end":{"line":68,"column":6}}]},"10":{"line":70,"type":"if","locations":[{"start":{"line":70,"column":13},"end":{"line":70,"column":13}},{"start":{"line":70,"column":13},"end":{"line":70,"column":13}}]},"11":{"line":72,"type":"if","locations":[{"start":{"line":72,"column":13},"end":{"line":72,"column":13}},{"start":{"line":72,"column":13},"end":{"line":72,"column":13}}]},"12":{"line":85,"type":"if","locations":[{"start":{"line":85,"column":6},"end":{"line":85,"column":6}},{"start":{"line":85,"column":6},"end":{"line":85,"column":6}}]},"13":{"line":87,"type":"if","locations":[{"start":{"line":87,"column":13},"end":{"line":87,"column":13}},{"start":{"line":87,"column":13},"end":{"line":87,"column":13}}]},"14":{"line":98,"type":"if","locations":[{"start":{"line":98,"column":6},"end":{"line":98,"column":6}},{"start":{"line":98,"column":6},"end":{"line":98,"column":6}}]},"15":{"line":107,"type":"if","locations":[{"start":{"line":107,"column":6},"end":{"line":107,"column":6}},{"start":{"line":107,"column":6},"end":{"line":107,"column":6}}]},"16":{"line":109,"type":"if","locations":[{"start":{"line":109,"column":13},"end":{"line":109,"column":13}},{"start":{"line":109,"column":13},"end":{"line":109,"column":13}}]},"17":{"line":127,"type":"if","locations":[{"start":{"line":127,"column":6},"end":{"line":127,"column":6}},{"start":{"line":127,"column":6},"end":{"line":127,"column":6}}]},"18":{"line":129,"type":"if","locations":[{"start":{"line":129,"column":13},"end":{"line":129,"column":13}},{"start":{"line":129,"column":13},"end":{"line":129,"column":13}}]},"19":{"line":136,"type":"if","locations":[{"start":{"line":136,"column":6},"end":{"line":136,"column":6}},{"start":{"line":136,"column":6},"end":{"line":136,"column":6}}]},"20":{"line":144,"type":"if","locations":[{"start":{"line":144,"column":6},"end":{"line":144,"column":6}},{"start":{"line":144,"column":6},"end":{"line":144,"column":6}}]},"21":{"line":154,"type":"if","locations":[{"start":{"line":154,"column":6},"end":{"line":154,"column":6}},{"start":{"line":154,"column":6},"end":{"line":154,"column":6}}]},"22":{"line":156,"type":"if","locations":[{"start":{"line":156,"column":13},"end":{"line":156,"column":13}},{"start":{"line":156,"column":13},"end":{"line":156,"column":13}}]},"23":{"line":163,"type":"if","locations":[{"start":{"line":163,"column":6},"end":{"line":163,"column":6}},{"start":{"line":163,"column":6},"end":{"line":163,"column":6}}]},"24":{"line":165,"type":"if","locations":[{"start":{"line":165,"column":13},"end":{"line":165,"column":13}},{"start":{"line":165,"column":13},"end":{"line":165,"column":13}}]},"25":{"line":167,"type":"if","locations":[{"start":{"line":167,"column":13},"end":{"line":167,"column":13}},{"start":{"line":167,"column":13},"end":{"line":167,"column":13}}]},"26":{"line":175,"type":"if","locations":[{"start":{"line":175,"column":6},"end":{"line":175,"column":6}},{"start":{"line":175,"column":6},"end":{"line":175,"column":6}}]},"27":{"line":177,"type":"if","locations":[{"start":{"line":177,"column":13},"end":{"line":177,"column":13}},{"start":{"line":177,"column":13},"end":{"line":177,"column":13}}]},"28":{"line":194,"type":"if","locations":[{"start":{"line":194,"column":6},"end":{"line":194,"column":6}},{"start":{"line":194,"column":6},"end":{"line":194,"column":6}}]},"29":{"line":195,"type":"if","locations":[{"start":{"line":195,"column":8},"end":{"line":195,"column":8}},{"start":{"line":195,"column":8},"end":{"line":195,"column":8}}]},"30":{"line":198,"type":"if","locations":[{"start":{"line":198,"column":15},"end":{"line":198,"column":15}},{"start":{"line":198,"column":15},"end":{"line":198,"column":15}}]}}},"/Users/hotoo/workbench/hotoo/detector/lib/web-rules.js":{"path":"/Users/hotoo/workbench/hotoo/detector/lib/web-rules.js","s":{"1":1,"2":1,"3":1,"4":1,"5":1,"6":1,"7":1,"8":1,"9":158,"10":1,"11":157,"12":155,"13":4,"14":151,"15":147,"16":64,"17":55,"18":55,"19":1,"20":54,"21":1,"22":53,"23":48,"24":1,"25":47,"26":44,"27":3,"28":41,"29":36,"30":10,"31":26,"32":14,"33":2,"34":12,"35":1,"36":161,"37":2,"38":159,"39":1,"40":158,"41":0,"42":158,"43":104,"44":14,"45":90,"46":2,"47":88,"48":88,"49":66,"50":22,"51":2,"52":0,"53":2,"54":20,"55":15,"56":15,"57":1,"58":288,"59":288,"60":0,"61":0,"62":0,"63":0,"64":0,"65":0,"66":0,"67":0,"68":1,"69":127,"70":26,"71":26,"72":2,"73":1,"74":149,"75":1,"76":148,"77":0,"78":148,"79":146,"80":146,"81":0,"82":146,"83":142,"84":142,"85":0,"86":142,"87":1,"88":141,"89":139,"90":139,"91":0,"92":139,"93":126,"94":1,"95":125,"96":124,"97":1,"98":1,"99":1,"100":0,"101":1,"102":92,"103":92,"104":92,"105":84,"106":1,"107":83,"108":82,"109":8,"110":74,"111":1,"112":73,"113":2,"114":71,"115":2,"116":69,"117":40,"118":16,"119":24,"120":29,"121":29,"122":1},"b":{"1":[1,0],"2":[1,157],"3":[4,151],"4":[147,147,146,146],"5":[2,62],"6":[1,54],"7":[1,53],"8":[1,47],"9":[3,41],"10":[10,26],"11":[2,12],"12":[2,159],"13":[1,158],"14":[0,158],"15":[14,90],"16":[2,88],"17":[66,22],"18":[2,20],"19":[0,2],"20":[15,14,13],"21":[3,12],"22":[288,0],"23":[0,0],"24":[0,0],"25":[0,0],"26":[127,0,0],"27":[2,24],"28":[1,148],"29":[0,148],"30":[0,146],"31":[0,142],"32":[1,141],"33":[0,139],"34":[139,0,0],"35":[0,0],"36":[1,125],"37":[124,1],"38":[0,1],"39":[1,0],"40":[1,1],"41":[1,91],"42":[1,83],"43":[8,74],"44":[1,73],"45":[2,71],"46":[2,69],"47":[16,24],"48":[29,28,27],"49":[3,26]},"f":{"1":158,"2":155,"3":147,"4":64,"5":55,"6":48,"7":44,"8":36,"9":14,"10":161,"11":104,"12":88,"13":15,"14":288,"15":127,"16":26,"17":149,"18":146,"19":142,"20":139,"21":126,"22":92,"23":84,"24":82,"25":40,"26":29},"fnMap":{"1":{"name":"(anonymous_1)","line":15,"loc":{"start":{"line":15,"column":12},"end":{"line":15,"column":24}}},"2":{"name":"(anonymous_2)","line":25,"loc":{"start":{"line":25,"column":14},"end":{"line":25,"column":26}}},"3":{"name":"(anonymous_3)","line":32,"loc":{"start":{"line":32,"column":9},"end":{"line":32,"column":21}}},"4":{"name":"(anonymous_4)","line":49,"loc":{"start":{"line":49,"column":12},"end":{"line":49,"column":25}}},"5":{"name":"(anonymous_5)","line":56,"loc":{"start":{"line":56,"column":13},"end":{"line":56,"column":26}}},"6":{"name":"(anonymous_6)","line":66,"loc":{"start":{"line":66,"column":13},"end":{"line":66,"column":25}}},"7":{"name":"(anonymous_7)","line":74,"loc":{"start":{"line":74,"column":10},"end":{"line":74,"column":22}}},"8":{"name":"(anonymous_8)","line":83,"loc":{"start":{"line":83,"column":10},"end":{"line":83,"column":22}}},"9":{"name":"(anonymous_9)","line":96,"loc":{"start":{"line":96,"column":17},"end":{"line":96,"column":29}}},"10":{"name":"(anonymous_10)","line":106,"loc":{"start":{"line":106,"column":9},"end":{"line":106,"column":21}}},"11":{"name":"(anonymous_11)","line":118,"loc":{"start":{"line":118,"column":10},"end":{"line":118,"column":22}}},"12":{"name":"(anonymous_12)","line":128,"loc":{"start":{"line":128,"column":14},"end":{"line":128,"column":26}}},"13":{"name":"(anonymous_13)","line":145,"loc":{"start":{"line":145,"column":17},"end":{"line":145,"column":29}}},"14":{"name":"checkTW360External","line":156,"loc":{"start":{"line":156,"column":0},"end":{"line":156,"column":32}}},"15":{"name":"(anonymous_15)","line":176,"loc":{"start":{"line":176,"column":12},"end":{"line":176,"column":22}}},"16":{"name":"(anonymous_16)","line":180,"loc":{"start":{"line":180,"column":12},"end":{"line":180,"column":24}}},"17":{"name":"(anonymous_17)","line":198,"loc":{"start":{"line":198,"column":12},"end":{"line":198,"column":24}}},"18":{"name":"(anonymous_18)","line":210,"loc":{"start":{"line":210,"column":15},"end":{"line":210,"column":25}}},"19":{"name":"(anonymous_19)","line":216,"loc":{"start":{"line":216,"column":10},"end":{"line":216,"column":23}}},"20":{"name":"(anonymous_20)","line":225,"loc":{"start":{"line":225,"column":14},"end":{"line":225,"column":24}}},"21":{"name":"(anonymous_21)","line":239,"loc":{"start":{"line":239,"column":13},"end":{"line":239,"column":25}}},"22":{"name":"(anonymous_22)","line":263,"loc":{"start":{"line":263,"column":12},"end":{"line":263,"column":24}}},"23":{"name":"(anonymous_23)","line":271,"loc":{"start":{"line":271,"column":13},"end":{"line":271,"column":25}}},"24":{"name":"(anonymous_24)","line":292,"loc":{"start":{"line":292,"column":9},"end":{"line":292,"column":21}}},"25":{"name":"(anonymous_25)","line":309,"loc":{"start":{"line":309,"column":14},"end":{"line":309,"column":26}}},"26":{"name":"(anonymous_26)","line":313,"loc":{"start":{"line":313,"column":17},"end":{"line":313,"column":29}}}},"statementMap":{"1":{"start":{"line":3,"column":0},"end":{"line":3,"column":60}},"2":{"start":{"line":4,"column":0},"end":{"line":4,"column":30}},"3":{"start":{"line":5,"column":0},"end":{"line":5,"column":66}},"4":{"start":{"line":6,"column":0},"end":{"line":6,"column":58}},"5":{"start":{"line":7,"column":0},"end":{"line":7,"column":64}},"6":{"start":{"line":8,"column":0},"end":{"line":8,"column":54}},"7":{"start":{"line":10,"column":0},"end":{"line":10,"column":24}},"8":{"start":{"line":14,"column":0},"end":{"line":102,"column":2}},"9":{"start":{"line":18,"column":4},"end":{"line":22,"column":5}},"10":{"start":{"line":19,"column":6},"end":{"line":19,"column":33}},"11":{"start":{"line":21,"column":6},"end":{"line":21,"column":35}},"12":{"start":{"line":26,"column":4},"end":{"line":30,"column":5}},"13":{"start":{"line":27,"column":6},"end":{"line":27,"column":60}},"14":{"start":{"line":29,"column":6},"end":{"line":29,"column":47}},"15":{"start":{"line":33,"column":4},"end":{"line":36,"column":38}},"16":{"start":{"line":50,"column":4},"end":{"line":53,"column":28}},"17":{"start":{"line":57,"column":4},"end":{"line":57,"column":71}},"18":{"start":{"line":58,"column":4},"end":{"line":64,"column":5}},"19":{"start":{"line":59,"column":6},"end":{"line":59,"column":47}},"20":{"start":{"line":60,"column":10},"end":{"line":64,"column":5}},"21":{"start":{"line":61,"column":6},"end":{"line":61,"column":25}},"22":{"start":{"line":63,"column":6},"end":{"line":63,"column":42}},"23":{"start":{"line":67,"column":4},"end":{"line":71,"column":5}},"24":{"start":{"line":68,"column":6},"end":{"line":68,"column":48}},"25":{"start":{"line":70,"column":6},"end":{"line":70,"column":41}},"26":{"start":{"line":75,"column":4},"end":{"line":79,"column":5}},"27":{"start":{"line":76,"column":6},"end":{"line":76,"column":49}},"28":{"start":{"line":78,"column":6},"end":{"line":78,"column":44}},"29":{"start":{"line":84,"column":4},"end":{"line":88,"column":5}},"30":{"start":{"line":85,"column":6},"end":{"line":85,"column":50}},"31":{"start":{"line":87,"column":6},"end":{"line":87,"column":40}},"32":{"start":{"line":97,"column":4},"end":{"line":99,"column":5}},"33":{"start":{"line":98,"column":6},"end":{"line":98,"column":36}},"34":{"start":{"line":100,"column":4},"end":{"line":100,"column":18}},"35":{"start":{"line":105,"column":0},"end":{"line":151,"column":2}},"36":{"start":{"line":107,"column":4},"end":{"line":113,"column":5}},"37":{"start":{"line":108,"column":6},"end":{"line":108,"column":49}},"38":{"start":{"line":109,"column":10},"end":{"line":113,"column":5}},"39":{"start":{"line":110,"column":6},"end":{"line":110,"column":32}},"40":{"start":{"line":111,"column":10},"end":{"line":113,"column":5}},"41":{"start":{"line":112,"column":6},"end":{"line":112,"column":33}},"42":{"start":{"line":114,"column":4},"end":{"line":114,"column":27}},"43":{"start":{"line":119,"column":4},"end":{"line":125,"column":5}},"44":{"start":{"line":120,"column":6},"end":{"line":120,"column":47}},"45":{"start":{"line":121,"column":10},"end":{"line":125,"column":5}},"46":{"start":{"line":122,"column":6},"end":{"line":122,"column":34}},"47":{"start":{"line":124,"column":6},"end":{"line":124,"column":23}},"48":{"start":{"line":129,"column":4},"end":{"line":137,"column":5}},"49":{"start":{"line":130,"column":6},"end":{"line":130,"column":43}},"50":{"start":{"line":131,"column":10},"end":{"line":137,"column":5}},"51":{"start":{"line":132,"column":6},"end":{"line":136,"column":7}},"52":{"start":{"line":133,"column":8},"end":{"line":133,"column":48}},"53":{"start":{"line":135,"column":8},"end":{"line":135,"column":40}},"54":{"start":{"line":138,"column":4},"end":{"line":138,"column":21}},"55":{"start":{"line":146,"column":4},"end":{"line":148,"column":34}},"56":{"start":{"line":149,"column":4},"end":{"line":149,"column":46}},"57":{"start":{"line":156,"column":0},"end":{"line":171,"column":1}},"58":{"start":{"line":157,"column":2},"end":{"line":157,"column":26}},"59":{"start":{"line":157,"column":17},"end":{"line":157,"column":24}},"60":{"start":{"line":158,"column":2},"end":{"line":170,"column":21}},"61":{"start":{"line":161,"column":4},"end":{"line":161,"column":56}},"62":{"start":{"line":165,"column":4},"end":{"line":165,"column":51}},"63":{"start":{"line":166,"column":4},"end":{"line":166,"column":52}},"64":{"start":{"line":168,"column":4},"end":{"line":168,"column":65}},"65":{"start":{"line":168,"column":50},"end":{"line":168,"column":63}},"66":{"start":{"line":169,"column":4},"end":{"line":169,"column":45}},"67":{"start":{"line":169,"column":17},"end":{"line":169,"column":43}},"68":{"start":{"line":173,"column":0},"end":{"line":193,"column":2}},"69":{"start":{"line":177,"column":4},"end":{"line":177,"column":77}},"70":{"start":{"line":181,"column":4},"end":{"line":181,"column":62}},"71":{"start":{"line":182,"column":4},"end":{"line":186,"column":5}},"72":{"start":{"line":183,"column":6},"end":{"line":185,"column":8}},"73":{"start":{"line":194,"column":0},"end":{"line":324,"column":2}},"74":{"start":{"line":199,"column":4},"end":{"line":203,"column":5}},"75":{"start":{"line":200,"column":6},"end":{"line":200,"column":45}},"76":{"start":{"line":201,"column":11},"end":{"line":203,"column":5}},"77":{"start":{"line":202,"column":6},"end":{"line":202,"column":18}},"78":{"start":{"line":204,"column":4},"end":{"line":204,"column":28}},"79":{"start":{"line":211,"column":4},"end":{"line":211,"column":45}},"80":{"start":{"line":212,"column":4},"end":{"line":212,"column":45}},"81":{"start":{"line":212,"column":34},"end":{"line":212,"column":43}},"82":{"start":{"line":213,"column":4},"end":{"line":213,"column":36}},"83":{"start":{"line":217,"column":4},"end":{"line":217,"column":42}},"84":{"start":{"line":218,"column":4},"end":{"line":218,"column":45}},"85":{"start":{"line":218,"column":34},"end":{"line":218,"column":43}},"86":{"start":{"line":219,"column":4},"end":{"line":221,"column":5}},"87":{"start":{"line":220,"column":6},"end":{"line":220,"column":49}},"88":{"start":{"line":222,"column":4},"end":{"line":222,"column":45}},"89":{"start":{"line":226,"column":4},"end":{"line":232,"column":23}},"90":{"start":{"line":227,"column":6},"end":{"line":231,"column":7}},"91":{"start":{"line":228,"column":8},"end":{"line":230,"column":10}},"92":{"start":{"line":233,"column":4},"end":{"line":233,"column":56}},"93":{"start":{"line":240,"column":4},"end":{"line":242,"column":5}},"94":{"start":{"line":241,"column":6},"end":{"line":241,"column":39}},"95":{"start":{"line":243,"column":4},"end":{"line":243,"column":55}},"96":{"start":{"line":243,"column":40},"end":{"line":243,"column":53}},"97":{"start":{"line":244,"column":4},"end":{"line":244,"column":16}},"98":{"start":{"line":245,"column":4},"end":{"line":249,"column":23}},"99":{"start":{"line":246,"column":6},"end":{"line":248,"column":7}},"100":{"start":{"line":247,"column":8},"end":{"line":247,"column":46}},"101":{"start":{"line":250,"column":4},"end":{"line":252,"column":6}},"102":{"start":{"line":264,"column":4},"end":{"line":264,"column":57}},"103":{"start":{"line":265,"column":4},"end":{"line":265,"column":44}},"104":{"start":{"line":266,"column":4},"end":{"line":266,"column":63}},"105":{"start":{"line":272,"column":4},"end":{"line":276,"column":5}},"106":{"start":{"line":273,"column":6},"end":{"line":273,"column":41}},"107":{"start":{"line":275,"column":6},"end":{"line":275,"column":43}},"108":{"start":{"line":293,"column":4},"end":{"line":305,"column":5}},"109":{"start":{"line":294,"column":6},"end":{"line":294,"column":38}},"110":{"start":{"line":295,"column":11},"end":{"line":305,"column":5}},"111":{"start":{"line":296,"column":6},"end":{"line":296,"column":37}},"112":{"start":{"line":297,"column":10},"end":{"line":305,"column":5}},"113":{"start":{"line":298,"column":6},"end":{"line":298,"column":31}},"114":{"start":{"line":299,"column":10},"end":{"line":305,"column":5}},"115":{"start":{"line":302,"column":6},"end":{"line":302,"column":33}},"116":{"start":{"line":304,"column":6},"end":{"line":304,"column":36}},"117":{"start":{"line":310,"column":4},"end":{"line":310,"column":47}},"118":{"start":{"line":310,"column":38},"end":{"line":310,"column":45}},"119":{"start":{"line":311,"column":4},"end":{"line":311,"column":44}},"120":{"start":{"line":314,"column":4},"end":{"line":316,"column":34}},"121":{"start":{"line":317,"column":4},"end":{"line":317,"column":46}},"122":{"start":{"line":326,"column":0},"end":{"line":332,"column":2}}},"branchMap":{"1":{"line":3,"type":"cond-expr","locations":[{"start":{"line":3,"column":44},"end":{"line":3,"column":50}},{"start":{"line":3,"column":53},"end":{"line":3,"column":59}}]},"2":{"line":18,"type":"if","locations":[{"start":{"line":18,"column":4},"end":{"line":18,"column":4}},{"start":{"line":18,"column":4},"end":{"line":18,"column":4}}]},"3":{"line":26,"type":"if","locations":[{"start":{"line":26,"column":4},"end":{"line":26,"column":4}},{"start":{"line":26,"column":4},"end":{"line":26,"column":4}}]},"4":{"line":33,"type":"binary-expr","locations":[{"start":{"line":33,"column":11},"end":{"line":33,"column":46}},{"start":{"line":34,"column":6},"end":{"line":34,"column":32}},{"start":{"line":35,"column":6},"end":{"line":35,"column":33}},{"start":{"line":36,"column":6},"end":{"line":36,"column":37}}]},"5":{"line":50,"type":"cond-expr","locations":[{"start":{"line":51,"column":6},"end":{"line":51,"column":33}},{"start":{"line":53,"column":6},"end":{"line":53,"column":27}}]},"6":{"line":58,"type":"if","locations":[{"start":{"line":58,"column":4},"end":{"line":58,"column":4}},{"start":{"line":58,"column":4},"end":{"line":58,"column":4}}]},"7":{"line":60,"type":"if","locations":[{"start":{"line":60,"column":10},"end":{"line":60,"column":10}},{"start":{"line":60,"column":10},"end":{"line":60,"column":10}}]},"8":{"line":67,"type":"if","locations":[{"start":{"line":67,"column":4},"end":{"line":67,"column":4}},{"start":{"line":67,"column":4},"end":{"line":67,"column":4}}]},"9":{"line":75,"type":"if","locations":[{"start":{"line":75,"column":4},"end":{"line":75,"column":4}},{"start":{"line":75,"column":4},"end":{"line":75,"column":4}}]},"10":{"line":84,"type":"if","locations":[{"start":{"line":84,"column":4},"end":{"line":84,"column":4}},{"start":{"line":84,"column":4},"end":{"line":84,"column":4}}]},"11":{"line":97,"type":"if","locations":[{"start":{"line":97,"column":4},"end":{"line":97,"column":4}},{"start":{"line":97,"column":4},"end":{"line":97,"column":4}}]},"12":{"line":107,"type":"if","locations":[{"start":{"line":107,"column":4},"end":{"line":107,"column":4}},{"start":{"line":107,"column":4},"end":{"line":107,"column":4}}]},"13":{"line":109,"type":"if","locations":[{"start":{"line":109,"column":10},"end":{"line":109,"column":10}},{"start":{"line":109,"column":10},"end":{"line":109,"column":10}}]},"14":{"line":111,"type":"if","locations":[{"start":{"line":111,"column":10},"end":{"line":111,"column":10}},{"start":{"line":111,"column":10},"end":{"line":111,"column":10}}]},"15":{"line":119,"type":"if","locations":[{"start":{"line":119,"column":4},"end":{"line":119,"column":4}},{"start":{"line":119,"column":4},"end":{"line":119,"column":4}}]},"16":{"line":121,"type":"if","locations":[{"start":{"line":121,"column":10},"end":{"line":121,"column":10}},{"start":{"line":121,"column":10},"end":{"line":121,"column":10}}]},"17":{"line":129,"type":"if","locations":[{"start":{"line":129,"column":4},"end":{"line":129,"column":4}},{"start":{"line":129,"column":4},"end":{"line":129,"column":4}}]},"18":{"line":131,"type":"if","locations":[{"start":{"line":131,"column":10},"end":{"line":131,"column":10}},{"start":{"line":131,"column":10},"end":{"line":131,"column":10}}]},"19":{"line":132,"type":"if","locations":[{"start":{"line":132,"column":6},"end":{"line":132,"column":6}},{"start":{"line":132,"column":6},"end":{"line":132,"column":6}}]},"20":{"line":146,"type":"binary-expr","locations":[{"start":{"line":146,"column":14},"end":{"line":146,"column":40}},{"start":{"line":147,"column":6},"end":{"line":147,"column":33}},{"start":{"line":148,"column":6},"end":{"line":148,"column":33}}]},"21":{"line":149,"type":"cond-expr","locations":[{"start":{"line":149,"column":15},"end":{"line":149,"column":30}},{"start":{"line":149,"column":33},"end":{"line":149,"column":45}}]},"22":{"line":157,"type":"if","locations":[{"start":{"line":157,"column":2},"end":{"line":157,"column":2}},{"start":{"line":157,"column":2},"end":{"line":157,"column":2}}]},"23":{"line":168,"type":"if","locations":[{"start":{"line":168,"column":4},"end":{"line":168,"column":4}},{"start":{"line":168,"column":4},"end":{"line":168,"column":4}}]},"24":{"line":168,"type":"binary-expr","locations":[{"start":{"line":168,"column":8},"end":{"line":168,"column":15}},{"start":{"line":168,"column":19},"end":{"line":168,"column":46}}]},"25":{"line":169,"type":"if","locations":[{"start":{"line":169,"column":4},"end":{"line":169,"column":4}},{"start":{"line":169,"column":4},"end":{"line":169,"column":4}}]},"26":{"line":177,"type":"binary-expr","locations":[{"start":{"line":177,"column":11},"end":{"line":177,"column":26}},{"start":{"line":177,"column":30},"end":{"line":177,"column":42}},{"start":{"line":177,"column":46},"end":{"line":177,"column":76}}]},"27":{"line":182,"type":"if","locations":[{"start":{"line":182,"column":4},"end":{"line":182,"column":4}},{"start":{"line":182,"column":4},"end":{"line":182,"column":4}}]},"28":{"line":199,"type":"if","locations":[{"start":{"line":199,"column":4},"end":{"line":199,"column":4}},{"start":{"line":199,"column":4},"end":{"line":199,"column":4}}]},"29":{"line":201,"type":"if","locations":[{"start":{"line":201,"column":11},"end":{"line":201,"column":11}},{"start":{"line":201,"column":11},"end":{"line":201,"column":11}}]},"30":{"line":212,"type":"if","locations":[{"start":{"line":212,"column":4},"end":{"line":212,"column":4}},{"start":{"line":212,"column":4},"end":{"line":212,"column":4}}]},"31":{"line":218,"type":"if","locations":[{"start":{"line":218,"column":4},"end":{"line":218,"column":4}},{"start":{"line":218,"column":4},"end":{"line":218,"column":4}}]},"32":{"line":219,"type":"if","locations":[{"start":{"line":219,"column":4},"end":{"line":219,"column":4}},{"start":{"line":219,"column":4},"end":{"line":219,"column":4}}]},"33":{"line":227,"type":"if","locations":[{"start":{"line":227,"column":6},"end":{"line":227,"column":6}},{"start":{"line":227,"column":6},"end":{"line":227,"column":6}}]},"34":{"line":227,"type":"binary-expr","locations":[{"start":{"line":227,"column":9},"end":{"line":227,"column":17}},{"start":{"line":227,"column":22},"end":{"line":227,"column":40}},{"start":{"line":227,"column":44},"end":{"line":227,"column":64}}]},"35":{"line":229,"type":"binary-expr","locations":[{"start":{"line":229,"column":19},"end":{"line":229,"column":37}},{"start":{"line":229,"column":41},"end":{"line":229,"column":61}}]},"36":{"line":240,"type":"if","locations":[{"start":{"line":240,"column":4},"end":{"line":240,"column":4}},{"start":{"line":240,"column":4},"end":{"line":240,"column":4}}]},"37":{"line":243,"type":"if","locations":[{"start":{"line":243,"column":4},"end":{"line":243,"column":4}},{"start":{"line":243,"column":4},"end":{"line":243,"column":4}}]},"38":{"line":246,"type":"if","locations":[{"start":{"line":246,"column":6},"end":{"line":246,"column":6}},{"start":{"line":246,"column":6},"end":{"line":246,"column":6}}]},"39":{"line":246,"type":"binary-expr","locations":[{"start":{"line":246,"column":9},"end":{"line":246,"column":17}},{"start":{"line":246,"column":21},"end":{"line":246,"column":46}}]},"40":{"line":251,"type":"binary-expr","locations":[{"start":{"line":251,"column":15},"end":{"line":251,"column":22}},{"start":{"line":251,"column":26},"end":{"line":251,"column":36}}]},"41":{"line":266,"type":"cond-expr","locations":[{"start":{"line":266,"column":35},"end":{"line":266,"column":47}},{"start":{"line":266,"column":50},"end":{"line":266,"column":62}}]},"42":{"line":272,"type":"if","locations":[{"start":{"line":272,"column":4},"end":{"line":272,"column":4}},{"start":{"line":272,"column":4},"end":{"line":272,"column":4}}]},"43":{"line":293,"type":"if","locations":[{"start":{"line":293,"column":4},"end":{"line":293,"column":4}},{"start":{"line":293,"column":4},"end":{"line":293,"column":4}}]},"44":{"line":295,"type":"if","locations":[{"start":{"line":295,"column":11},"end":{"line":295,"column":11}},{"start":{"line":295,"column":11},"end":{"line":295,"column":11}}]},"45":{"line":297,"type":"if","locations":[{"start":{"line":297,"column":10},"end":{"line":297,"column":10}},{"start":{"line":297,"column":10},"end":{"line":297,"column":10}}]},"46":{"line":299,"type":"if","locations":[{"start":{"line":299,"column":10},"end":{"line":299,"column":10}},{"start":{"line":299,"column":10},"end":{"line":299,"column":10}}]},"47":{"line":310,"type":"if","locations":[{"start":{"line":310,"column":4},"end":{"line":310,"column":4}},{"start":{"line":310,"column":4},"end":{"line":310,"column":4}}]},"48":{"line":314,"type":"binary-expr","locations":[{"start":{"line":314,"column":14},"end":{"line":314,"column":40}},{"start":{"line":315,"column":6},"end":{"line":315,"column":33}},{"start":{"line":316,"column":6},"end":{"line":316,"column":33}}]},"49":{"line":317,"type":"cond-expr","locations":[{"start":{"line":317,"column":15},"end":{"line":317,"column":30}},{"start":{"line":317,"column":33},"end":{"line":317,"column":45}}]}}}}