TN:
SF:/Users/hotoo/workbench/hotoo/detector/lib/node-detector.js
FNF:0
FNH:0
DA:3,1
DA:4,1
DA:6,1
DA:8,1
LF:4
LH:4
BRF:0
BRH:0
end_of_record
TN:
SF:/Users/hotoo/workbench/hotoo/detector/lib/detector.js
FN:9,typeOf
FN:10,(anonymous_2)
FN:19,each
FN:32,detect
FN:65,init
FN:67,(anonymous_6)
FN:79,(anonymous_7)
FN:86,(anonymous_8)
FN:90,(anonymous_9)
FN:100,(anonymous_10)
FN:112,(anonymous_11)
FN:131,(anonymous_12)
FN:158,(anonymous_13)
FNF:13
FNH:13
FNDA:4,typeOf
FNDA:62206,(anonymous_2)
FNDA:652,each
FNDA:17785,detect
FNDA:652,init
FNDA:17785,(anonymous_6)
FNDA:1,(anonymous_7)
FNDA:163,(anonymous_8)
FNDA:163,(anonymous_9)
FNDA:163,(anonymous_10)
FNDA:163,(anonymous_11)
FNDA:163,(anonymous_12)
FNDA:163,(anonymous_13)
DA:3,1
DA:4,1
DA:9,1
DA:10,4
DA:11,62206
DA:14,1
DA:15,1
DA:16,1
DA:17,1
DA:19,1
DA:20,652
DA:21,17785
DA:22,598
DA:32,1
DA:33,17785
DA:34,17785
DA:35,15424
DA:40,15424
DA:41,3
DA:42,15421
DA:43,916
DA:44,68
DA:46,14505
DA:47,10
DA:48,10
DA:50,10
DA:51,14495
DA:52,14495
DA:53,14495
DA:54,517
DA:55,472
DA:57,45
DA:59,517
DA:65,1
DA:66,652
DA:67,652
DA:68,17785
DA:69,17785
DA:70,598
DA:71,598
DA:74,652
DA:80,1
DA:87,163
DA:88,163
DA:90,163
DA:91,163
DA:92,163
DA:97,163
DA:100,163
DA:101,163
DA:102,163
DA:107,163
DA:110,163
DA:112,163
DA:113,163
DA:115,163
DA:116,35
DA:117,35
DA:119,163
DA:120,163
DA:128,163
DA:131,163
DA:132,163
DA:134,163
DA:136,35
DA:137,23
DA:139,35
DA:141,163
DA:142,163
DA:150,163
DA:152,163
DA:159,163
DA:161,35
DA:162,35
DA:163,35
DA:164,35
DA:165,35
DA:169,35
DA:170,28
DA:171,28
DA:173,28
DA:174,28
DA:175,28
DA:176,28
DA:180,35
DA:181,35
DA:182,35
DA:183,35
DA:184,7
DA:186,35
DA:187,35
DA:188,35
DA:189,7
DA:192,35
DA:203,1
LF:95
LH:95
BRDA:21,1,0,598
BRDA:21,1,1,17187
BRDA:33,2,0,4683
BRDA:33,2,1,13102
BRDA:34,3,0,2361
BRDA:34,3,1,15424
BRDA:40,4,0,3
BRDA:40,4,1,15421
BRDA:42,5,0,916
BRDA:42,5,1,14505
BRDA:43,6,0,68
BRDA:43,6,1,848
BRDA:46,7,0,10
BRDA:46,7,1,14495
BRDA:47,8,0,10
BRDA:47,8,1,0
BRDA:51,9,0,14495
BRDA:51,9,1,0
BRDA:53,10,0,517
BRDA:53,10,1,13978
BRDA:54,11,0,472
BRDA:54,11,1,45
BRDA:54,12,0,517
BRDA:54,12,1,486
BRDA:69,13,0,598
BRDA:69,13,1,17187
BRDA:87,14,0,163
BRDA:87,14,1,1
BRDA:115,15,0,35
BRDA:115,15,1,128
BRDA:116,16,0,35
BRDA:116,16,1,0
BRDA:126,17,0,35
BRDA:126,17,1,128
BRDA:134,18,0,35
BRDA:134,18,1,128
BRDA:136,19,0,23
BRDA:136,19,1,12
BRDA:148,20,0,35
BRDA:148,20,1,128
BRDA:159,21,0,128
BRDA:159,21,1,35
BRDA:169,22,0,28
BRDA:169,22,1,7
BRDA:171,23,0,28
BRDA:171,23,1,0
BRDA:171,24,0,28
BRDA:171,24,1,28
BRDA:183,25,0,7
BRDA:183,25,1,28
BRDA:188,26,0,7
BRDA:188,26,1,28
BRF:52
BRH:48
end_of_record
TN:
SF:/Users/hotoo/workbench/hotoo/detector/lib/rules.js
FN:9,(anonymous_1)
FN:34,(anonymous_2)
FN:44,(anonymous_3)
FN:52,(anonymous_4)
FN:67,(anonymous_5)
FN:84,(anonymous_6)
FN:97,(anonymous_7)
FN:106,(anonymous_8)
FN:126,(anonymous_9)
FN:135,(anonymous_10)
FN:142,(anonymous_11)
FN:153,(anonymous_12)
FN:162,(anonymous_13)
FN:174,(anonymous_14)
FN:191,(anonymous_15)
FNF:15
FNH:15
FNDA:162,(anonymous_1)
FNDA:162,(anonymous_2)
FNDA:162,(anonymous_3)
FNDA:162,(anonymous_4)
FNDA:162,(anonymous_5)
FNDA:162,(anonymous_6)
FNDA:162,(anonymous_7)
FNDA:162,(anonymous_8)
FNDA:161,(anonymous_9)
FNDA:159,(anonymous_10)
FNDA:159,(anonymous_11)
FNDA:158,(anonymous_12)
FNDA:158,(anonymous_13)
FNDA:158,(anonymous_14)
FNDA:163,(anonymous_15)
DA:3,1
DA:5,1
DA:10,162
DA:11,0
DA:12,162
DA:13,0
DA:35,162
DA:36,0
DA:38,162
DA:45,162
DA:46,0
DA:47,162
DA:48,0
DA:53,162
DA:54,0
DA:55,162
DA:56,0
DA:57,162
DA:58,0
DA:68,162
DA:69,0
DA:70,162
DA:71,0
DA:72,162
DA:73,0
DA:85,162
DA:86,0
DA:87,162
DA:88,0
DA:98,162
DA:99,0
DA:101,162
DA:107,162
DA:108,0
DA:109,162
DA:110,0
DA:127,161
DA:128,0
DA:129,161
DA:130,2
DA:136,159
DA:137,0
DA:143,159
DA:144,159
DA:145,0
DA:147,159
DA:154,158
DA:155,0
DA:156,158
DA:157,0
DA:163,158
DA:164,0
DA:165,158
DA:166,0
DA:167,158
DA:168,0
DA:175,158
DA:176,0
DA:177,158
DA:178,0
DA:184,1
DA:189,1
DA:192,163
DA:193,163
DA:194,163
DA:195,1
DA:196,0
DA:197,0
DA:198,1
DA:199,1
DA:202,1
DA:206,162
DA:237,1
DA:240,1
LF:74
LH:46
BRDA:10,1,0,0
BRDA:10,1,1,162
BRDA:12,2,0,0
BRDA:12,2,1,162
BRDA:35,3,0,0
BRDA:35,3,1,162
BRDA:45,4,0,0
BRDA:45,4,1,162
BRDA:47,5,0,0
BRDA:47,5,1,162
BRDA:53,6,0,0
BRDA:53,6,1,162
BRDA:55,7,0,0
BRDA:55,7,1,162
BRDA:57,8,0,0
BRDA:57,8,1,162
BRDA:68,9,0,0
BRDA:68,9,1,162
BRDA:70,10,0,0
BRDA:70,10,1,162
BRDA:72,11,0,0
BRDA:72,11,1,162
BRDA:85,12,0,0
BRDA:85,12,1,162
BRDA:87,13,0,0
BRDA:87,13,1,162
BRDA:98,14,0,0
BRDA:98,14,1,162
BRDA:107,15,0,0
BRDA:107,15,1,162
BRDA:109,16,0,0
BRDA:109,16,1,162
BRDA:127,17,0,0
BRDA:127,17,1,161
BRDA:129,18,0,2
BRDA:129,18,1,159
BRDA:136,19,0,0
BRDA:136,19,1,159
BRDA:144,20,0,0
BRDA:144,20,1,159
BRDA:154,21,0,0
BRDA:154,21,1,158
BRDA:156,22,0,0
BRDA:156,22,1,158
BRDA:163,23,0,0
BRDA:163,23,1,158
BRDA:165,24,0,0
BRDA:165,24,1,158
BRDA:167,25,0,0
BRDA:167,25,1,158
BRDA:175,26,0,0
BRDA:175,26,1,158
BRDA:177,27,0,0
BRDA:177,27,1,158
BRDA:194,28,0,1
BRDA:194,28,1,162
BRDA:195,29,0,0
BRDA:195,29,1,1
BRDA:198,30,0,1
BRDA:198,30,1,0
BRF:60
BRH:32
end_of_record
TN:
SF:/Users/hotoo/workbench/hotoo/detector/lib/web-rules.js
FN:15,(anonymous_1)
FN:25,(anonymous_2)
FN:32,(anonymous_3)
FN:49,(anonymous_4)
FN:56,(anonymous_5)
FN:66,(anonymous_6)
FN:74,(anonymous_7)
FN:83,(anonymous_8)
FN:96,(anonymous_9)
FN:106,(anonymous_10)
FN:118,(anonymous_11)
FN:128,(anonymous_12)
FN:145,(anonymous_13)
FN:156,checkTW360External
FN:176,(anonymous_15)
FN:180,(anonymous_16)
FN:198,(anonymous_17)
FN:210,(anonymous_18)
FN:216,(anonymous_19)
FN:225,(anonymous_20)
FN:239,(anonymous_21)
FN:263,(anonymous_22)
FN:271,(anonymous_23)
FN:292,(anonymous_24)
FN:309,(anonymous_25)
FN:313,(anonymous_26)
FNF:26
FNH:26
FNDA:158,(anonymous_1)
FNDA:155,(anonymous_2)
FNDA:147,(anonymous_3)
FNDA:64,(anonymous_4)
FNDA:55,(anonymous_5)
FNDA:48,(anonymous_6)
FNDA:44,(anonymous_7)
FNDA:36,(anonymous_8)
FNDA:14,(anonymous_9)
FNDA:161,(anonymous_10)
FNDA:104,(anonymous_11)
FNDA:88,(anonymous_12)
FNDA:15,(anonymous_13)
FNDA:288,checkTW360External
FNDA:127,(anonymous_15)
FNDA:26,(anonymous_16)
FNDA:149,(anonymous_17)
FNDA:146,(anonymous_18)
FNDA:142,(anonymous_19)
FNDA:139,(anonymous_20)
FNDA:126,(anonymous_21)
FNDA:92,(anonymous_22)
FNDA:84,(anonymous_23)
FNDA:82,(anonymous_24)
FNDA:40,(anonymous_25)
FNDA:29,(anonymous_26)
DA:3,1
DA:4,1
DA:5,1
DA:6,1
DA:7,1
DA:8,1
DA:10,1
DA:14,1
DA:18,158
DA:19,1
DA:21,157
DA:26,155
DA:27,4
DA:29,151
DA:33,147
DA:50,64
DA:57,55
DA:58,55
DA:59,1
DA:60,54
DA:61,1
DA:63,53
DA:67,48
DA:68,1
DA:70,47
DA:75,44
DA:76,3
DA:78,41
DA:84,36
DA:85,10
DA:87,26
DA:97,14
DA:98,2
DA:100,12
DA:105,1
DA:107,161
DA:108,2
DA:109,159
DA:110,1
DA:111,158
DA:112,0
DA:114,158
DA:119,104
DA:120,14
DA:121,90
DA:122,2
DA:124,88
DA:129,88
DA:130,66
DA:131,22
DA:132,2
DA:133,0
DA:135,2
DA:138,20
DA:146,15
DA:149,15
DA:156,1
DA:157,288
DA:158,0
DA:161,0
DA:165,0
DA:166,0
DA:168,0
DA:169,0
DA:173,1
DA:177,127
DA:181,26
DA:182,26
DA:183,2
DA:194,1
DA:199,149
DA:200,1
DA:201,148
DA:202,0
DA:204,148
DA:211,146
DA:212,146
DA:213,146
DA:217,142
DA:218,142
DA:219,142
DA:220,1
DA:222,141
DA:226,139
DA:227,139
DA:228,0
DA:233,139
DA:240,126
DA:241,1
DA:243,125
DA:244,1
DA:245,1
DA:246,1
DA:247,0
DA:250,1
DA:264,92
DA:265,92
DA:266,92
DA:272,84
DA:273,1
DA:275,83
DA:293,82
DA:294,8
DA:295,74
DA:296,1
DA:297,73
DA:298,2
DA:299,71
DA:302,2
DA:304,69
DA:310,40
DA:311,24
DA:314,29
DA:317,29
DA:326,1
LF:115
LH:104
BRDA:3,1,0,1
BRDA:3,1,1,0
BRDA:18,2,0,1
BRDA:18,2,1,157
BRDA:26,3,0,4
BRDA:26,3,1,151
BRDA:33,4,0,147
BRDA:33,4,1,147
BRDA:33,4,2,146
BRDA:33,4,3,146
BRDA:50,5,0,2
BRDA:50,5,1,62
BRDA:58,6,0,1
BRDA:58,6,1,54
BRDA:60,7,0,1
BRDA:60,7,1,53
BRDA:67,8,0,1
BRDA:67,8,1,47
BRDA:75,9,0,3
BRDA:75,9,1,41
BRDA:84,10,0,10
BRDA:84,10,1,26
BRDA:97,11,0,2
BRDA:97,11,1,12
BRDA:107,12,0,2
BRDA:107,12,1,159
BRDA:109,13,0,1
BRDA:109,13,1,158
BRDA:111,14,0,0
BRDA:111,14,1,158
BRDA:119,15,0,14
BRDA:119,15,1,90
BRDA:121,16,0,2
BRDA:121,16,1,88
BRDA:129,17,0,66
BRDA:129,17,1,22
BRDA:131,18,0,2
BRDA:131,18,1,20
BRDA:132,19,0,0
BRDA:132,19,1,2
BRDA:146,20,0,15
BRDA:146,20,1,14
BRDA:146,20,2,13
BRDA:149,21,0,3
BRDA:149,21,1,12
BRDA:157,22,0,288
BRDA:157,22,1,0
BRDA:168,23,0,0
BRDA:168,23,1,0
BRDA:168,24,0,0
BRDA:168,24,1,0
BRDA:169,25,0,0
BRDA:169,25,1,0
BRDA:177,26,0,127
BRDA:177,26,1,0
BRDA:177,26,2,0
BRDA:182,27,0,2
BRDA:182,27,1,24
BRDA:199,28,0,1
BRDA:199,28,1,148
BRDA:201,29,0,0
BRDA:201,29,1,148
BRDA:212,30,0,0
BRDA:212,30,1,146
BRDA:218,31,0,0
BRDA:218,31,1,142
BRDA:219,32,0,1
BRDA:219,32,1,141
BRDA:227,33,0,0
BRDA:227,33,1,139
BRDA:227,34,0,139
BRDA:227,34,1,0
BRDA:227,34,2,0
BRDA:229,35,0,0
BRDA:229,35,1,0
BRDA:240,36,0,1
BRDA:240,36,1,125
BRDA:243,37,0,124
BRDA:243,37,1,1
BRDA:246,38,0,0
BRDA:246,38,1,1
BRDA:246,39,0,1
BRDA:246,39,1,0
BRDA:251,40,0,1
BRDA:251,40,1,1
BRDA:266,41,0,1
BRDA:266,41,1,91
BRDA:272,42,0,1
BRDA:272,42,1,83
BRDA:293,43,0,8
BRDA:293,43,1,74
BRDA:295,44,0,1
BRDA:295,44,1,73
BRDA:297,45,0,2
BRDA:297,45,1,71
BRDA:299,46,0,2
BRDA:299,46,1,69
BRDA:310,47,0,16
BRDA:310,47,1,24
BRDA:314,48,0,29
BRDA:314,48,1,28
BRDA:314,48,2,27
BRDA:317,49,0,3
BRDA:317,49,1,26
BRF:104
BRH:82
end_of_record
